[debug] [2025-07-21T13:27:45.762Z] ----------------------------------------------------------------------
[debug] [2025-07-21T13:27:45.765Z] Command:       C:\Program Files\nodejs\node.exe C:\Users\smart\AppData\Roaming\npm\node_modules\firebase-tools\lib\bin\firebase.js init
[debug] [2025-07-21T13:27:45.765Z] CLI Version:   14.11.0
[debug] [2025-07-21T13:27:45.765Z] Platform:      win32
[debug] [2025-07-21T13:27:45.765Z] Node Version:  v22.17.0
[debug] [2025-07-21T13:27:45.766Z] Time:          Mon Jul 21 2025 14:27:45 GMT+0100 (Irish Standard Time)
[debug] [2025-07-21T13:27:45.766Z] ----------------------------------------------------------------------
[debug] 
[debug] [2025-07-21T13:27:45.770Z] >>> [apiv2][query] GET https://firebase-public.firebaseio.com/cli.json [none]
[debug] [2025-07-21T13:27:45.836Z] > command requires scopes: ["email","openid","https://www.googleapis.com/auth/cloudplatformprojects.readonly","https://www.googleapis.com/auth/firebase","https://www.googleapis.com/auth/cloud-platform"]
[debug] [2025-07-21T13:27:45.837Z] > authorizing via signed-in user (alexgarbaliuaskas@gmail.com)
[info] 
     ######## #### ########  ######## ########     ###     ######  ########
     ##        ##  ##     ## ##       ##     ##  ##   ##  ##       ##
     ######    ##  ########  ######   ########  #########  ######  ######
     ##        ##  ##    ##  ##       ##     ## ##     ##       ## ##
     ##       #### ##     ## ######## ########  ##     ##  ######  ########

You're about to initialize a Firebase project in this directory:

  C:\Users\smart\OneDrive\Documents\Code Projects\Firebase-dev\firebaseTutorial\start-firebase

[debug] [2025-07-21T13:27:46.320Z] <<< [apiv2][status] GET https://firebase-public.firebaseio.com/cli.json 200
[debug] [2025-07-21T13:27:46.321Z] <<< [apiv2][body] GET https://firebase-public.firebaseio.com/cli.json {"cloudBuildErrorAfter":1594252800000,"cloudBuildWarnAfter":1590019200000,"defaultNode10After":1594252800000,"minVersion":"3.0.5","node8DeploysDisabledAfter":1613390400000,"node8RuntimeDisabledAfter":1615809600000,"node8WarnAfter":1600128000000}
